<?xml version="1.0" encoding="UTF-8"?>
<!-- Generated by org.testng.reporters.JUnitReportReporter -->
<testsuite hostname="Kumararaja" failures="0" tests="2" name="com.mdk.AppTest" time="0.015" errors="0" timestamp="2024-12-09T16:37:20 IST" skipped="0">
  <testcase classname="com.mdk.AppTest" name="testValidLogin" time="0.002"/>
  <testcase classname="com.mdk.AppTest" name="testInValidLogin" time="0.013"/>
</testsuite> <!-- com.mdk.AppTest -->
