<?xml version="1.0" encoding="UTF-8"?>
<!-- Generated by org.testng.reporters.JUnitReportReporter -->
<testsuite hostname="Kumararaja" failures="0" tests="1" name="com.mdk.BasicTestCase" time="6.605" errors="0" timestamp="2024-12-09T16:37:39 IST" skipped="0">
  <testcase classname="com.mdk.BasicTestCase" name="loginTest" time="6.605"/>
</testsuite> <!-- com.mdk.BasicTestCase -->
