<?xml version="1.0" encoding="UTF-8"?>
<!-- Generated by org.testng.reporters.JUnitReportReporter -->
<testsuite hostname="Kumararaja" failures="0" tests="1" name="com.mdk.BasicTestCase" time="34.453" errors="0" timestamp="2025-01-10T16:47:31 IST" skipped="0">
  <testcase classname="com.mdk.BasicTestCase" name="loginTest" time="34.453"/>
</testsuite> <!-- com.mdk.BasicTestCase -->
