<?xml version="1.0" encoding="UTF-8"?>
<!-- Generated by org.testng.reporters.JUnitReportReporter -->
<testsuite hostname="Kumararaja" failures="0" tests="2" name="com.mdk.AppTest" time="0.022" errors="0" timestamp="2025-01-10T16:47:31 IST" skipped="0">
  <testcase classname="com.mdk.AppTest" name="testInValidLogin" time="0.021"/>
  <testcase classname="com.mdk.AppTest" name="testValidLogin" time="0.001"/>
</testsuite> <!-- com.mdk.AppTest -->
